2022/08/04 04:08:01 [error] 33#33: *207 FastCGI sent in stderr: "PHP message: An Error occurred while handling another error:
yii\base\InvalidConfigException: Unknown component ID: request in /var/www/html/vendor/yiisoft/yii2/di/ServiceLocator.php:139
Stack trace:
#0 /var/www/html/vendor/yiisoft/yii2/base/Module.php(766): yii\di\ServiceLocator->get('request', true)
#1 /var/www/html/vendor/yiisoft/yii2/web/Application.php(160): yii\base\Module->get('request')
#2 /var/www/html/vendor/yiisoft/yii2/base/Component.php(139): yii\web\Application->getRequest()
#3 /var/www/html/vendor/yiisoft/yii2/di/ServiceLocator.php(77): yii\base\Component->__get('request')
#4 /var/www/html/vendor/yiisoft/yii2/web/ErrorHandler.php(503): yii\di\ServiceLocator->__get('request')
#5 /var/www/html/vendor/yiisoft/yii2/web/ErrorHandler.php(116): yii\web\ErrorHandler->shouldRenderSimpleHtml()
#6 /var/www/html/vendor/yiisoft/yii2/base/ErrorHandler.php(135): yii\web\ErrorHandler->renderException(Object(yii\base\InvalidConfigException))
#7 [internal function]: yii\base\ErrorHandler->handleException(Object(yii\base\InvalidConfigException))
#8 {main}
Previous exception:
yii\base\InvalidConfigException: The configuration for the "0" component must contain a "class" element. in /var/www/html/vendor/yiisoft/yii2/di/ServiceLocator.php:209
Stack trace:
#0 /var/www/html/vendor/yiisoft/yii2/di/ServiceLocator.php(265): yii\di\ServiceLocator->set(0, Array)
#1 /var/www/html/vendor/yiisoft/yii2/base/Component.php(180): yii\di\ServiceLocator->setComponents(Array)
#2 /var/www/html/vendor/yiisoft/yii2/BaseYii.php(558): yii\base\Component->__set('components', Array)
#3 /var/www/html/vendor/yiisoft/yii2/base/BaseObject.php(107): yii\BaseYii::configure(Object(yii\web\Application), Array)
#4 /var/www/html/vendor/yiisoft/yii2/base/Application.php(204): yii\base\BaseObject->__construct(Array)
#5 /var/www/html/backend/web/index.php(23): yii\base\Application->__construct(Array)
#6 {main}
$_SERVER = [
    'HOSTNAME' => 'f415e3a5c9b9',
    'PHP_INI_DIR' =>" while reading
2022/08/04 04:08:01 [error] 33#33: *207 FastCGI sent in stderr: "'/usr/local/etc/php',
    'HOME' => '/var/www',
    'PHP_LDFLAGS' => '-Wl,-O1 -pie',
    'PHP_CFLAGS' => '-fstack-protector-strong -fpic -fpie -O2 -D_LARGEFILE_SOURCE -D_FILE_OFFSET_BITS=64',
    'PHP_VERSION' => '7.4.30',
    'GPG_KEYS' => '42670A7FE4D0441C8E4632349E4FDC074A4EF02D 5A52880781F755608BF815FC910DEB46F53EA312',
    'PHP_CPPFLAGS' => '-fstack-protector-strong -fpic -fpie -O2 -D_LARGEFILE_SOURCE -D_FILE_OFFSET_BITS=64',
    'PHP_ASC_URL' => 'https://www.php.net/distributions/php-7.4.30.tar.xz.asc',
    'PHP_URL' => 'https://www.php.net/distributions/php-7.4.30.tar.xz',
    'PATH' => '/usr/local/sbin:/usr/local/bin:/usr/sbin:/usr/bin:/sbin:/bin',
    'PHPIZE_DEPS' => 'autoconf 		dpkg-dev 		file 		g++ 		gcc 		libc-dev 		make 		pkg-config 		re2c',
    'PWD' => '/var/www/html',
    'PHP_SHA256' => 'ea72a34f32c67e79ac2da7dfe96177f3c451c3eefae5810ba13312ed398ba70d',
    'USER' => 'www-data',
    'HTTP_COOKIE' => 'pma_lang=vi; phpMyAdmin=b11d9f93a4671d80db595eebca2abf5f; pmaUser-1=srBfc%2FHKhKAWv6rCU49PTl9sshkWli6vaeaiXQ7PAxD5h%2BTdPojgaq%2BJstI%3D; pmaAuth-1=r6zqIJGUTCnnWoTtO7lydkZ0IQgm3hP158FpJZA56yLLYGTPfN3drCk1zFMGX57ZB8gCiDABfu3Nr8butw%3D%3D; PHPSESSID=62ddad552bf86967818f6e6f0f342c14; _csrf=2f3591754145858577d16d9b90f838fe5d90239ec1827f921b58adcf09050ee1a%3A2%3A%7Bi%3A0%3Bs%3A5%3A%22_csrf%22%3Bi%3A1%3Bs%3A32%3A%226KT_ej9Z4L8fxpNuJwJpjBbQ5nmJy7Y_%22%3B%7D',
    'HTTP_ACCEPT_LANGUAGE' => 'vi-VN,vi;q=0.9,fr-FR;q=0.8,fr;q=0.7,en-US;q=0.6,en;q=0.5',
    'HTTP_ACCEPT_ENCODING' => 'gzip, deflate, br',
    'HTTP_SEC_FETCH_DEST' => 'document',
    'HTTP_SEC_FETCH_USER' => '?1',
    'HTTP_SEC_FETCH_MODE' => 'navigate',
    'HTTP_SEC_FETCH_SITE' => 'none',
    'HTTP_ACCEPT' => 'text/html,application/xhtml+xml,application/xml;q=0.9,image/avif,image/webp,image/apng,*/*;q=0.8,application/signed-exchange;v=b3;q=0.9',
    'HTTP_USER_AGENT' => 'Mozilla/5.0 (X11; Linux x86_64) AppleWebKit/537.36 (KHTML, like Gecko) Chrome/103.0.0.0 Safari/537.36',
    'HTT
2022/08/04 04:08:01 [error] 33#33: *207 FastCGI sent in stderr: " 'ROBOT_EMAIL' => 'robot@yii2-starter-kit.localhost',
    'GITHUB_CLIENT_ID' => 'your-client-id',
    'GITHUB_CLIENT_SECRET' => 'your-client-secret',
    'GLIDE_SIGN_KEY' => '<generated_key>',
    'GLIDE_MAX_IMAGE_SIZE' => '4000000',
    'COMPOSE_CONVERT_WINDOWS_PATHS' => '1',
]" while reading upstream, client: 172.19.0.1, server: cms.yii2.local, request: "GET /sign-in/login HTTP/1.1", upstream: "fastcgi://172.19.0.5:9000", host: "localhost:8004"
2022/08/04 04:08:09 [error] 33#33: *207 FastCGI sent in stderr: "PHP message: An Error occurred while handling another error:
yii\base\InvalidConfigException: Unknown component ID: request in /var/www/html/vendor/yiisoft/yii2/di/ServiceLocator.php:139
Stack trace:
#0 /var/www/html/vendor/yiisoft/yii2/base/Module.php(766): yii\di\ServiceLocator->get('request', true)
#1 /var/www/html/vendor/yiisoft/yii2/web/Application.php(160): yii\base\Module->get('request')
#2 /var/www/html/vendor/yiisoft/yii2/base/Component.php(139): yii\web\Application->getRequest()
#3 /var/www/html/vendor/yiisoft/yii2/di/ServiceLocator.php(77): yii\base\Component->__get('request')
#4 /var/www/html/vendor/yiisoft/yii2/web/ErrorHandler.php(503): yii\di\ServiceLocator->__get('request')
#5 /var/www/html/vendor/yiisoft/yii2/web/ErrorHandler.php(116): yii\web\ErrorHandler->shouldRenderSimpleHtml()
#6 /var/www/html/vendor/yiisoft/yii2/base/ErrorHandler.php(135): yii\web\ErrorHandler->renderException(Object(yii\base\InvalidConfigException))
#7 [internal function]: yii\base\ErrorHandler->handleException(Object(yii\base\InvalidConfigException))
#8 {main}
Previous exception:
yii\base\InvalidConfigException: The configuration for the "0" component must contain a "class" element. in /var/www/html/vendor/yiisoft/yii2/di/ServiceLocator.php:209
Stack trace:
#0 /var/www/html/vendor/yiisoft/yii2/di/ServiceLocator.php(265): yii\di\ServiceLocator->set(0, Array)
#1 /var/www/html/vendor/yiisoft/yii2/base/Component.php(180): yii\di\ServiceLocator->setComponents(Array)
#2 /var/www/html/vendor/yiisoft/yii2/BaseYii.php(558): yii\base\Component->__set('components', Array)
#3 /var/www/html/vendor/yiisoft/yii2/base/BaseObject.php(107): yii\BaseYii::configure(Object(yii\web\Application), Array)
#4 /var/www/html/vendor/yiisoft/yii2/base/Application.php(204): yii\base\BaseObject->__construct(Array)
#5 /var/www/html/backend/web/index.php(23): yii\base\Application->__construct(Array)
#6 {main}
$_SERVER = [
    'HOSTNAME' => 'f415e3a5c9b9',
    'PHP_INI_DIR' =>" while reading
2022/08/04 04:08:09 [error] 33#33: *207 FastCGI sent in stderr: "'/usr/local/etc/php',
    'HOME' => '/var/www',
    'PHP_LDFLAGS' => '-Wl,-O1 -pie',
    'PHP_CFLAGS' => '-fstack-protector-strong -fpic -fpie -O2 -D_LARGEFILE_SOURCE -D_FILE_OFFSET_BITS=64',
    'PHP_VERSION' => '7.4.30',
    'GPG_KEYS' => '42670A7FE4D0441C8E4632349E4FDC074A4EF02D 5A52880781F755608BF815FC910DEB46F53EA312',
    'PHP_CPPFLAGS' => '-fstack-protector-strong -fpic -fpie -O2 -D_LARGEFILE_SOURCE -D_FILE_OFFSET_BITS=64',
    'PHP_ASC_URL' => 'https://www.php.net/distributions/php-7.4.30.tar.xz.asc',
    'PHP_URL' => 'https://www.php.net/distributions/php-7.4.30.tar.xz',
    'PATH' => '/usr/local/sbin:/usr/local/bin:/usr/sbin:/usr/bin:/sbin:/bin',
    'PHPIZE_DEPS' => 'autoconf 		dpkg-dev 		file 		g++ 		gcc 		libc-dev 		make 		pkg-config 		re2c',
    'PWD' => '/var/www/html',
    'PHP_SHA256' => 'ea72a34f32c67e79ac2da7dfe96177f3c451c3eefae5810ba13312ed398ba70d',
    'USER' => 'www-data',
    'HTTP_COOKIE' => 'pma_lang=vi; phpMyAdmin=b11d9f93a4671d80db595eebca2abf5f; pmaUser-1=srBfc%2FHKhKAWv6rCU49PTl9sshkWli6vaeaiXQ7PAxD5h%2BTdPojgaq%2BJstI%3D; pmaAuth-1=r6zqIJGUTCnnWoTtO7lydkZ0IQgm3hP158FpJZA56yLLYGTPfN3drCk1zFMGX57ZB8gCiDABfu3Nr8butw%3D%3D; PHPSESSID=62ddad552bf86967818f6e6f0f342c14; _csrf=2f3591754145858577d16d9b90f838fe5d90239ec1827f921b58adcf09050ee1a%3A2%3A%7Bi%3A0%3Bs%3A5%3A%22_csrf%22%3Bi%3A1%3Bs%3A32%3A%226KT_ej9Z4L8fxpNuJwJpjBbQ5nmJy7Y_%22%3B%7D',
    'HTTP_ACCEPT_LANGUAGE' => 'vi-VN,vi;q=0.9,fr-FR;q=0.8,fr;q=0.7,en-US;q=0.6,en;q=0.5',
    'HTTP_ACCEPT_ENCODING' => 'gzip, deflate, br',
    'HTTP_SEC_FETCH_DEST' => 'document',
    'HTTP_SEC_FETCH_USER' => '?1',
    'HTTP_SEC_FETCH_MODE' => 'navigate',
    'HTTP_SEC_FETCH_SITE' => 'none',
    'HTTP_ACCEPT' => 'text/html,application/xhtml+xml,application/xml;q=0.9,image/avif,image/webp,image/apng,*/*;q=0.8,application/signed-exchange;v=b3;q=0.9',
    'HTTP_USER_AGENT' => 'Mozilla/5.0 (X11; Linux x86_64) AppleWebKit/537.36 (KHTML, like Gecko) Chrome/103.0.0.0 Safari/537.36',
    'HTT
2022/08/04 04:08:09 [error] 33#33: *207 FastCGI sent in stderr: "> 'admin@yii2-starter-kit.localhost',
    'ROBOT_EMAIL' => 'robot@yii2-starter-kit.localhost',
    'GITHUB_CLIENT_ID' => 'your-client-id',
    'GITHUB_CLIENT_SECRET' => 'your-client-secret',
    'GLIDE_SIGN_KEY' => '<generated_key>',
    'GLIDE_MAX_IMAGE_SIZE' => '4000000',
    'COMPOSE_CONVERT_WINDOWS_PATHS' => '1',
]" while reading upstream, client: 172.19.0.1, server: cms.yii2.local, request: "GET /sign-in/login HTTP/1.1", upstream: "fastcgi://172.19.0.5:9000", host: "localhost:8004"
2022/08/05 07:56:54 [error] 31#31: *1118 FastCGI sent in stderr: "PHP message: An Error occurred while handling another error:
yii\web\HeadersAlreadySentException: Headers already sent in /var/www/html/backend/modules/content/controllers/ManagementController.php on line 19. in /var/www/html/vendor/yiisoft/yii2/web/Response.php:368
Stack trace:
#0 /var/www/html/vendor/yiisoft/yii2/web/Response.php(341): yii\web\Response->sendHeaders()
#1 /var/www/html/vendor/yiisoft/yii2/web/ErrorHandler.php(136): yii\web\Response->send()
#2 /var/www/html/vendor/yiisoft/yii2/base/ErrorHandler.php(135): yii\web\ErrorHandler->renderException(Object(yii\web\HeadersAlreadySentException))
#3 [internal function]: yii\base\ErrorHandler->handleException(Object(yii\web\HeadersAlreadySentException))
#4 {main}
Previous exception:
yii\web\HeadersAlreadySentException: Headers already sent in /var/www/html/backend/modules/content/controllers/ManagementController.php on line 19. in /var/www/html/vendor/yiisoft/yii2/web/Response.php:368
Stack trace:
#0 /var/www/html/vendor/yiisoft/yii2/web/Response.php(341): yii\web\Response->sendHeaders()
#1 /var/www/html/vendor/yiisoft/yii2/base/Application.php(390): yii\web\Response->send()
#2 /var/www/html/backend/web/index.php(23): yii\base\Application->run()
#3 {main}
$_SERVER = [
    'HOSTNAME' => 'a07db2b26ac0',
    'PHP_INI_DIR' => '/usr/local/etc/php',
    'HOME' => '/var/www',
    'PHP_LDFLAGS' => '-Wl,-O1 -pie',
    'PHP_CFLAGS' => '-fstack-protector-strong -fpic -fpie -O2 -D_LARGEFILE_SOURCE -D_FILE_OFFSET_BITS=64',
    'PHP_VERSION' => '7.4.30',
    'GPG_KEYS' => '42670A7FE4D0441C8E4632349E4FDC074A4EF02D 5A52880781F755608BF815FC910DEB46F53EA312',
    'PHP_CPPFLAGS' => '-fstack-protector-strong -fpic -fpie -O2 -D_LARGEFILE_SOURCE -D_FILE_OFFSET_BITS=64',
    'PHP_ASC_URL' => 'https://www.php.net/distributions/php-7.4.30.tar.xz.asc',
    'PHP_URL' => 'https://www.php.net/distributions/php-7.4.30.tar.xz',
    'PATH' => '/usr/local/sbin:/usr/local/bin:/usr/sbin:/usr/bin:/sbin:/bin',
    'PHPIZE_DEPS' =
2022/08/05 07:56:54 [error] 31#31: *1118 FastCGI sent in stderr: "LusT%22%3B%7D',
    'HTTP_ACCEPT_LANGUAGE' => 'vi-VN,vi;q=0.9,fr-FR;q=0.8,fr;q=0.7,en-US;q=0.6,en;q=0.5',
    'HTTP_ACCEPT_ENCODING' => 'gzip, deflate, br',
    'HTTP_REFERER' => 'http://backend.yii2-starter-kit.localhost/content/category/index',
    'HTTP_SEC_FETCH_DEST' => 'document',
    'HTTP_SEC_FETCH_USER' => '?1',
    'HTTP_SEC_FETCH_MODE' => 'navigate',
    'HTTP_SEC_FETCH_SITE' => 'same-origin',
    'HTTP_ACCEPT' => 'text/html,application/xhtml+xml,application/xml;q=0.9,image/avif,image/webp,image/apng,*/*;q=0.8,application/signed-exchange;v=b3;q=0.9',
    'HTTP_USER_AGENT' => 'Mozilla/5.0 (X11; Linux x86_64) AppleWebKit/537.36 (KHTML, like Gecko) Chrome/103.0.0.0 Safari/537.36',
    'HTTP_UPGRADE_INSECURE_REQUESTS' => '1',
    'HTTP_SEC_CH_UA_PLATFORM' => '"Linux"',
    'HTTP_SEC_CH_UA_MOBILE' => '?0',
    'HTTP_SEC_CH_UA' => '".Not/A)Brand";v="99", "Google Chrome";v="103", "Chromium";v="103"',
    'HTTP_CONNECTION' => 'keep-alive',
    'HTTP_HOST' => 'backend.yii2-starter-kit.localhost',
    'REDIRECT_STATUS' => '200',
    'SERVER_NAME' => 'cms.yii2.local',
    'SERVER_PORT' => '80',
    'SERVER_ADDR' => '172.19.0.6',
    'REMOTE_PORT' => '44938',
    'REMOTE_ADDR' => '172.19.0.1',
    'SERVER_SOFTWARE' => 'nginx/1.23.1',
    'GATEWAY_INTERFACE' => 'CGI/1.1',
    'REQUEST_SCHEME' => 'http',
    'SERVER_PROTOCOL' => 'HTTP/1.1',
    'DOCUMENT_ROOT' => '/var/www/html/backend/web',
    'DOCUMENT_URI' => '/index.php',
    'REQUEST_URI' => '/content/management/index',
    'SCRIPT_NAME' => '/index.php',
    'CONTENT_LENGTH' => '',
    'CONTENT_TYPE' => '',
    'REQUEST_METHOD' => 'GET',
    'QUERY_STRING' => '',
    'SCRIPT_FILENAME' => '/var/www/html/backend/web/index.php',
    'FCGI_ROLE' => 'RESPONDER',
    'PHP_SELF' => '/index.php',
    'REQUEST_TIME_FLOAT' => 1659686213.827877,
    'REQUEST_TIME' => 1659686213,
    'argv' => [],
    'argc' => 0,
    'YII_DEBUG' => 'true',
    'YII_ENV' => 'dev',
    'APP_MAINTENANCE' => '0',
    'LINK_AS
