2022/08/04 01:46:18 [notice] 1#1: using the "epoll" event method
2022/08/04 01:46:18 [notice] 1#1: nginx/1.23.1
2022/08/04 01:46:18 [notice] 1#1: built by gcc 10.2.1 20210110 (Debian 10.2.1-6) 
2022/08/04 01:46:18 [notice] 1#1: OS: Linux 5.4.0-122-generic
2022/08/04 01:46:18 [notice] 1#1: getrlimit(RLIMIT_NOFILE): 1048576:1048576
2022/08/04 01:46:18 [notice] 1#1: start worker processes
2022/08/04 01:46:18 [notice] 1#1: start worker process 29
2022/08/04 01:46:18 [notice] 1#1: start worker process 30
2022/08/04 01:46:18 [notice] 1#1: start worker process 31
2022/08/04 01:46:18 [notice] 1#1: start worker process 32
2022/08/04 01:55:18 [notice] 1#1: signal 3 (SIGQUIT) received, shutting down
2022/08/04 01:55:18 [notice] 32#32: gracefully shutting down
2022/08/04 01:55:18 [notice] 32#32: exiting
2022/08/04 01:55:18 [notice] 31#31: gracefully shutting down
2022/08/04 01:55:18 [notice] 31#31: exiting
2022/08/04 01:55:18 [notice] 32#32: exit
2022/08/04 01:55:18 [notice] 30#30: gracefully shutting down
2022/08/04 01:55:18 [notice] 30#30: exiting
2022/08/04 01:55:18 [notice] 31#31: exit
2022/08/04 01:55:18 [notice] 30#30: exit
2022/08/04 01:55:18 [notice] 29#29: gracefully shutting down
2022/08/04 01:55:18 [notice] 29#29: exiting
2022/08/04 01:55:18 [notice] 29#29: exit
2022/08/04 01:55:19 [notice] 1#1: signal 17 (SIGCHLD) received from 31
2022/08/04 01:55:19 [notice] 1#1: worker process 30 exited with code 0
2022/08/04 01:55:19 [notice] 1#1: worker process 31 exited with code 0
2022/08/04 01:55:19 [notice] 1#1: signal 29 (SIGIO) received
2022/08/04 01:55:19 [notice] 1#1: signal 17 (SIGCHLD) received from 30
2022/08/04 01:55:19 [notice] 1#1: signal 17 (SIGCHLD) received from 32
2022/08/04 01:55:19 [notice] 1#1: worker process 32 exited with code 0
2022/08/04 01:55:19 [notice] 1#1: signal 29 (SIGIO) received
2022/08/04 01:55:19 [notice] 1#1: signal 17 (SIGCHLD) received from 29
2022/08/04 01:55:19 [notice] 1#1: worker process 29 exited with code 0
2022/08/04 01:55:19 [notice] 1#1: exit
2022/08/04 01:57:35 [notice] 1#1: using the "epoll" event method
2022/08/04 01:57:35 [notice] 1#1: nginx/1.23.1
2022/08/04 01:57:35 [notice] 1#1: built by gcc 10.2.1 20210110 (Debian 10.2.1-6) 
2022/08/04 01:57:35 [notice] 1#1: OS: Linux 5.4.0-122-generic
2022/08/04 01:57:35 [notice] 1#1: getrlimit(RLIMIT_NOFILE): 1048576:1048576
2022/08/04 01:57:35 [notice] 1#1: start worker processes
2022/08/04 01:57:35 [notice] 1#1: start worker process 30
2022/08/04 01:57:35 [notice] 1#1: start worker process 31
2022/08/04 01:57:35 [notice] 1#1: start worker process 32
2022/08/04 01:57:35 [notice] 1#1: start worker process 33
2022/08/04 09:20:43 [notice] 1#1: signal 3 (SIGQUIT) received, shutting down
2022/08/04 09:20:43 [notice] 31#31: gracefully shutting down
2022/08/04 09:20:43 [notice] 30#30: gracefully shutting down
2022/08/04 09:20:43 [notice] 32#32: gracefully shutting down
2022/08/04 09:20:43 [notice] 33#33: gracefully shutting down
2022/08/04 09:20:43 [notice] 32#32: exiting
2022/08/04 09:20:43 [notice] 30#30: exiting
2022/08/04 09:20:43 [notice] 33#33: exiting
2022/08/04 09:20:43 [notice] 31#31: exiting
2022/08/04 09:20:43 [notice] 30#30: exit
2022/08/04 09:20:43 [notice] 32#32: exit
2022/08/04 09:20:43 [notice] 31#31: exit
2022/08/04 09:20:43 [notice] 33#33: exit
2022/08/04 09:20:44 [notice] 1#1: signal 17 (SIGCHLD) received from 32
2022/08/04 09:20:44 [notice] 1#1: worker process 31 exited with code 0
2022/08/04 09:20:44 [notice] 1#1: worker process 32 exited with code 0
2022/08/04 09:20:44 [notice] 1#1: worker process 33 exited with code 0
2022/08/04 09:20:44 [notice] 1#1: signal 29 (SIGIO) received
2022/08/04 09:20:44 [notice] 1#1: signal 17 (SIGCHLD) received from 33
2022/08/04 09:20:44 [notice] 1#1: signal 17 (SIGCHLD) received from 30
2022/08/04 09:20:44 [notice] 1#1: worker process 30 exited with code 0
2022/08/04 09:20:44 [notice] 1#1: exit
2022/08/04 09:22:39 [notice] 1#1: using the "epoll" event method
2022/08/04 09:22:39 [notice] 1#1: nginx/1.23.1
2022/08/04 09:22:39 [notice] 1#1: built by gcc 10.2.1 20210110 (Debian 10.2.1-6) 
2022/08/04 09:22:39 [notice] 1#1: OS: Linux 5.4.0-122-generic
2022/08/04 09:22:39 [notice] 1#1: getrlimit(RLIMIT_NOFILE): 1048576:1048576
2022/08/04 09:22:39 [notice] 1#1: start worker processes
2022/08/04 09:22:39 [notice] 1#1: start worker process 30
2022/08/04 09:22:39 [notice] 1#1: start worker process 31
2022/08/04 09:22:39 [notice] 1#1: start worker process 32
2022/08/04 09:22:39 [notice] 1#1: start worker process 33
2022/08/04 09:25:31 [notice] 1#1: signal 3 (SIGQUIT) received, shutting down
2022/08/04 09:25:31 [notice] 30#30: gracefully shutting down
2022/08/04 09:25:31 [notice] 32#32: gracefully shutting down
2022/08/04 09:25:31 [notice] 32#32: exiting
2022/08/04 09:25:31 [notice] 30#30: exiting
2022/08/04 09:25:31 [notice] 30#30: exit
2022/08/04 09:25:31 [notice] 32#32: exit
2022/08/04 09:25:31 [notice] 33#33: gracefully shutting down
2022/08/04 09:25:31 [notice] 31#31: gracefully shutting down
2022/08/04 09:25:31 [notice] 31#31: exiting
2022/08/04 09:25:31 [notice] 33#33: exiting
2022/08/04 09:25:31 [notice] 31#31: exit
2022/08/04 09:25:31 [notice] 33#33: exit
2022/08/04 09:25:31 [notice] 1#1: signal 17 (SIGCHLD) received from 32
2022/08/04 09:25:31 [notice] 1#1: worker process 32 exited with code 0
2022/08/04 09:25:31 [notice] 1#1: signal 29 (SIGIO) received
2022/08/04 09:25:31 [notice] 1#1: signal 17 (SIGCHLD) received from 31
2022/08/04 09:25:31 [notice] 1#1: worker process 31 exited with code 0
2022/08/04 09:25:31 [notice] 1#1: signal 29 (SIGIO) received
2022/08/04 09:25:31 [notice] 1#1: signal 17 (SIGCHLD) received from 30
2022/08/04 09:25:31 [notice] 1#1: worker process 30 exited with code 0
2022/08/04 09:25:31 [notice] 1#1: signal 29 (SIGIO) received
2022/08/04 09:25:31 [notice] 1#1: signal 17 (SIGCHLD) received from 33
2022/08/04 09:25:31 [notice] 1#1: worker process 33 exited with code 0
2022/08/04 09:25:31 [notice] 1#1: exit
2022/08/04 09:28:05 [notice] 1#1: using the "epoll" event method
2022/08/04 09:28:05 [notice] 1#1: nginx/1.23.1
2022/08/04 09:28:05 [notice] 1#1: built by gcc 10.2.1 20210110 (Debian 10.2.1-6) 
2022/08/04 09:28:05 [notice] 1#1: OS: Linux 5.4.0-122-generic
2022/08/04 09:28:05 [notice] 1#1: getrlimit(RLIMIT_NOFILE): 1048576:1048576
2022/08/04 09:28:05 [notice] 1#1: start worker processes
2022/08/04 09:28:05 [notice] 1#1: start worker process 30
2022/08/04 09:28:05 [notice] 1#1: start worker process 31
2022/08/04 09:28:05 [notice] 1#1: start worker process 32
2022/08/04 09:28:05 [notice] 1#1: start worker process 33
2022/08/04 10:37:24 [notice] 1#1: signal 3 (SIGQUIT) received, shutting down
2022/08/04 10:37:24 [notice] 32#32: gracefully shutting down
2022/08/04 10:37:24 [notice] 33#33: gracefully shutting down
2022/08/04 10:37:24 [notice] 32#32: exiting
2022/08/04 10:37:24 [notice] 33#33: exiting
2022/08/04 10:37:24 [notice] 32#32: exit
2022/08/04 10:37:24 [notice] 30#30: gracefully shutting down
2022/08/04 10:37:24 [notice] 33#33: exit
2022/08/04 10:37:24 [notice] 30#30: exiting
2022/08/04 10:37:24 [notice] 30#30: exit
2022/08/04 10:37:24 [notice] 31#31: gracefully shutting down
2022/08/04 10:37:24 [notice] 31#31: exiting
2022/08/04 10:37:24 [notice] 31#31: exit
2022/08/04 10:37:24 [notice] 1#1: signal 17 (SIGCHLD) received from 33
2022/08/04 10:37:24 [notice] 1#1: worker process 33 exited with code 0
2022/08/04 10:37:24 [notice] 1#1: signal 29 (SIGIO) received
2022/08/04 10:37:24 [notice] 1#1: signal 17 (SIGCHLD) received from 30
2022/08/04 10:37:24 [notice] 1#1: worker process 30 exited with code 0
2022/08/04 10:37:24 [notice] 1#1: worker process 31 exited with code 0
2022/08/04 10:37:24 [notice] 1#1: signal 29 (SIGIO) received
2022/08/04 10:37:24 [notice] 1#1: signal 17 (SIGCHLD) received from 32
2022/08/04 10:37:24 [notice] 1#1: worker process 32 exited with code 0
2022/08/04 10:37:24 [notice] 1#1: exit
2022/08/05 01:31:11 [notice] 1#1: using the "epoll" event method
2022/08/05 01:31:11 [notice] 1#1: nginx/1.23.1
2022/08/05 01:31:11 [notice] 1#1: built by gcc 10.2.1 20210110 (Debian 10.2.1-6) 
2022/08/05 01:31:11 [notice] 1#1: OS: Linux 5.4.0-122-generic
2022/08/05 01:31:11 [notice] 1#1: getrlimit(RLIMIT_NOFILE): 1048576:1048576
2022/08/05 01:31:11 [notice] 1#1: start worker processes
2022/08/05 01:31:11 [notice] 1#1: start worker process 29
2022/08/05 01:31:11 [notice] 1#1: start worker process 30
2022/08/05 01:31:11 [notice] 1#1: start worker process 31
2022/08/05 01:31:11 [notice] 1#1: start worker process 32
